<?xml version="1.0" encoding="UTF-8"?>
<!-- Generated by org.testng.reporters.JUnitXMLReporter -->
<testsuite hostname="RIL1506FMKB152" ignored="0" name="Surefire test" tests="11" failures="0" timestamp="2019-12-30T18:14:05 IST" time="225.834" errors="0">
  <testcase name="verifyContactsPageLabel" time="0.123" classname="com.crm.qa.testcases.ContactsPageTest"/>
  <testcase name="selectSingleContactsTest" time="0.269" classname="com.crm.qa.testcases.ContactsPageTest"/>
  <testcase name="selectMultipleContactsTest" time="0.386" classname="com.crm.qa.testcases.ContactsPageTest"/>
  <testcase name="validateCreateNewContact" time="2.283" classname="com.crm.qa.testcases.ContactsPageTest"/>
  <testcase name="validateCreateNewContact" time="2.142" classname="com.crm.qa.testcases.ContactsPageTest"/>
  <testcase name="validateCreateNewContact" time="2.4" classname="com.crm.qa.testcases.ContactsPageTest"/>
  <testcase name="verifyHomePageTitleTest" time="0.003" classname="com.crm.qa.testcases.HomePageTest"/>
  <testcase name="verifyUserNameTest" time="0.77" classname="com.crm.qa.testcases.HomePageTest"/>
  <testcase name="verifyContactsLinkTest" time="1.201" classname="com.crm.qa.testcases.HomePageTest"/>
  <testcase name="loginPageTitleTest" time="0.013" classname="com.crm.qa.testcases.LoginPageTest"/>
  <testcase name="loginTest" time="0.339" classname="com.crm.qa.testcases.LoginPageTest"/>
</testsuite> <!-- Surefire test -->
