<?xml version="1.0" encoding="UTF-8"?>
<!-- Generated by org.testng.reporters.JUnitXMLReporter -->
<testsuite hostname="RIL1506FMKB152" ignored="0" name="Default test" tests="6" failures="0" timestamp="2019-12-30T14:23:23 IST" time="142.816" errors="0">
  <testcase name="verifyContactsPageLabel" time="0.115" classname="com.crm.qa.testcases.ContactsPageTest"/>
  <testcase name="selectSingleContactsTest" time="0.23" classname="com.crm.qa.testcases.ContactsPageTest"/>
  <testcase name="selectMultipleContactsTest" time="0.405" classname="com.crm.qa.testcases.ContactsPageTest"/>
  <testcase name="validateCreateNewContact" time="2.054" classname="com.crm.qa.testcases.ContactsPageTest"/>
  <testcase name="validateCreateNewContact" time="2.152" classname="com.crm.qa.testcases.ContactsPageTest"/>
  <testcase name="validateCreateNewContact" time="2.166" classname="com.crm.qa.testcases.ContactsPageTest"/>
</testsuite> <!-- Default test -->
